2024-10-10 13:51:06,017 - INFO - Database connected successfully.
2024-10-10 13:51:26,904 - INFO - Database connected successfully.
2024-10-10 13:51:27,035 - INFO - Database connected successfully.
2024-10-10 13:51:27,046 - INFO - Fetching feed: http://rss.cnn.com/rss/cnn_topstories.rss
2024-10-10 13:51:31,023 - INFO - Successfully processed 69 articles from http://rss.cnn.com/rss/cnn_topstories.rss
2024-10-10 13:51:31,025 - INFO - Fetching feed: http://qz.com/feed
2024-10-10 13:51:36,474 - INFO - Successfully processed 50 articles from http://qz.com/feed
2024-10-10 13:51:36,476 - INFO - Fetching feed: http://feeds.foxnews.com/foxnews/politics
2024-10-10 13:51:38,968 - INFO - Successfully processed 25 articles from http://feeds.foxnews.com/foxnews/politics
2024-10-10 13:51:38,970 - INFO - Fetching feed: http://feeds.reuters.com/reuters/businessNews
2024-10-10 13:51:39,116 - ERROR - Error fetching or processing articles from http://feeds.reuters.com/reuters/businessNews: Feed parsing failed
2024-10-10 13:51:39,118 - INFO - Fetching feed: https://feeds.bbci.co.uk/news/world/asia/india/rss.xml
2024-10-10 13:51:40,951 - INFO - Successfully processed 35 articles from https://feeds.bbci.co.uk/news/world/asia/india/rss.xml
2024-10-10 13:51:54,835 - INFO - Database connected successfully.
2024-10-10 13:57:57,291 - INFO - Database connected successfully.
2024-10-10 13:58:40,883 - INFO - Database connected successfully.
2024-10-10 13:58:41,027 - INFO - Database connected successfully.
2024-10-10 13:59:01,352 - INFO - Database connected successfully.
2024-10-10 13:59:08,709 - INFO - Database connected successfully.
2024-10-10 13:59:08,713 - INFO - Fetching feed:  http://rss.cnn.com/rss/cnn_topstories.rss
2024-10-10 13:59:10,251 - INFO - Successfully processed 0 articles from  http://rss.cnn.com/rss/cnn_topstories.rss
2024-10-10 13:59:10,253 - INFO - Fetching feed:  http://qz.com/feed
2024-10-10 13:59:12,421 - INFO - Successfully processed 0 articles from  http://qz.com/feed
2024-10-10 13:59:12,423 - INFO - Fetching feed:  http://feeds.foxnews.com/foxnews/politics
2024-10-10 13:59:14,758 - INFO - Successfully processed 0 articles from  http://feeds.foxnews.com/foxnews/politics
2024-10-10 13:59:14,760 - INFO - Fetching feed:  http://feeds.reuters.com/reuters/businessNews
2024-10-10 13:59:14,909 - ERROR - Error fetching or processing articles from  http://feeds.reuters.com/reuters/businessNews: Feed parsing failed
2024-10-10 13:59:14,912 - INFO - Fetching feed:  http://feeds.feedburner.com/NewshourWorld
2024-10-10 13:59:16,836 - INFO - Successfully processed 15 articles from  http://feeds.feedburner.com/NewshourWorld
2024-10-10 13:59:16,837 - INFO - Fetching feed:  https://feeds.bbci.co.uk/news/world/asia/india/rss.xml
2024-10-10 13:59:17,497 - INFO - Successfully processed 0 articles from  https://feeds.bbci.co.uk/news/world/asia/india/rss.xml
2024-10-10 14:04:06,229 - INFO - Database connected successfully.
2024-10-10 14:04:30,231 - INFO - Database connected successfully.
2024-10-10 14:04:30,363 - INFO - Database connected successfully.
2024-10-10 14:04:30,369 - INFO - Fetching feed:  http://rss.cnn.com/rss/cnn_topstories.rss
2024-10-10 14:04:32,969 - INFO - Successfully processed 0 articles from  http://rss.cnn.com/rss/cnn_topstories.rss
2024-10-10 14:04:32,970 - INFO - Fetching feed:  http://qz.com/feed
2024-10-10 14:04:34,552 - INFO - Successfully processed 0 articles from  http://qz.com/feed
2024-10-10 14:04:34,554 - INFO - Fetching feed:  http://feeds.foxnews.com/foxnews/politics
2024-10-10 14:04:35,931 - INFO - Successfully processed 0 articles from  http://feeds.foxnews.com/foxnews/politics
2024-10-10 14:04:35,932 - INFO - Fetching feed:  http://feeds.reuters.com/reuters/businessNews
2024-10-10 14:04:36,173 - ERROR - Error fetching or processing articles from  http://feeds.reuters.com/reuters/businessNews: Feed parsing failed
2024-10-10 14:04:36,175 - INFO - Fetching feed:  http://feeds.feedburner.com/NewshourWorld
2024-10-10 14:04:37,641 - INFO - Successfully processed 0 articles from  http://feeds.feedburner.com/NewshourWorld
2024-10-10 14:04:37,643 - INFO - Fetching feed:  https://feeds.bbci.co.uk/news/world/asia/india/rss.xml
2024-10-10 14:04:39,020 - INFO - Successfully processed 0 articles from  https://feeds.bbci.co.uk/news/world/asia/india/rss.xml
2024-10-10 14:05:47,067 - INFO - Database connected successfully.
2024-10-10 14:09:11,733 - INFO - Database connected successfully.
2024-10-10 14:09:11,901 - INFO - Database connected successfully.
2024-10-10 14:09:11,908 - INFO - Fetching feed:  http://rss.cnn.com/rss/cnn_topstories.rss
2024-10-10 14:09:15,594 - INFO - Successfully processed 69 articles from  http://rss.cnn.com/rss/cnn_topstories.rss
2024-10-10 14:09:15,596 - INFO - Fetching feed:  http://qz.com/feed
2024-10-10 14:09:20,767 - INFO - Successfully processed 50 articles from  http://qz.com/feed
2024-10-10 14:09:20,769 - INFO - Fetching feed:  http://feeds.foxnews.com/foxnews/politics
2024-10-10 14:09:23,541 - INFO - Successfully processed 25 articles from  http://feeds.foxnews.com/foxnews/politics
2024-10-10 14:09:23,543 - INFO - Fetching feed:  http://feeds.reuters.com/reuters/businessNews
2024-10-10 14:09:23,640 - ERROR - Error fetching or processing articles from  http://feeds.reuters.com/reuters/businessNews: Feed parsing failed
2024-10-10 14:09:23,642 - INFO - Fetching feed:  http://feeds.feedburner.com/NewshourWorld
2024-10-10 14:09:25,569 - INFO - Successfully processed 15 articles from  http://feeds.feedburner.com/NewshourWorld
2024-10-10 14:09:25,571 - INFO - Fetching feed:  https://feeds.bbci.co.uk/news/world/asia/india/rss.xml
2024-10-10 14:09:27,347 - INFO - Successfully processed 35 articles from  https://feeds.bbci.co.uk/news/world/asia/india/rss.xml
2024-10-10 14:10:04,037 - INFO - Database connected successfully.
2024-10-10 14:21:38,886 - INFO - Database connected successfully.
2024-10-10 14:21:49,387 - INFO - Database connected successfully.
2024-10-10 14:21:49,524 - INFO - Database connected successfully.
2024-10-10 14:21:49,528 - INFO - Fetching feed:  http://rss.cnn.com/rss/cnn_topstories.rss
2024-10-10 14:21:53,127 - INFO - Successfully processed 69 articles from  http://rss.cnn.com/rss/cnn_topstories.rss
2024-10-10 14:21:53,129 - INFO - Fetching feed:  http://qz.com/feed
2024-10-10 14:21:57,906 - INFO - Successfully processed 50 articles from  http://qz.com/feed
2024-10-10 14:21:57,908 - INFO - Fetching feed:  http://feeds.foxnews.com/foxnews/politics
2024-10-10 14:22:00,411 - INFO - Successfully processed 25 articles from  http://feeds.foxnews.com/foxnews/politics
2024-10-10 14:22:00,412 - INFO - Fetching feed:  http://feeds.reuters.com/reuters/businessNews
2024-10-10 14:22:00,569 - ERROR - Error fetching or processing articles from  http://feeds.reuters.com/reuters/businessNews: Feed parsing failed
2024-10-10 14:22:00,571 - INFO - Fetching feed:  http://feeds.feedburner.com/NewshourWorld
2024-10-10 14:22:02,357 - INFO - Successfully processed 15 articles from  http://feeds.feedburner.com/NewshourWorld
2024-10-10 14:22:02,359 - INFO - Fetching feed:  https://feeds.bbci.co.uk/news/world/asia/india/rss.xml
2024-10-10 14:22:04,724 - INFO - Successfully processed 35 articles from  https://feeds.bbci.co.uk/news/world/asia/india/rss.xml
2024-10-10 14:22:23,905 - INFO - Database connected successfully.
2024-10-10 14:22:34,890 - INFO - Database connected successfully.
2024-10-10 14:22:34,895 - INFO - Fetching feed:  http://rss.cnn.com/rss/cnn_topstories.rss
2024-10-10 14:22:35,927 - INFO - Successfully processed 0 articles from  http://rss.cnn.com/rss/cnn_topstories.rss
2024-10-10 14:22:35,928 - INFO - Fetching feed:  http://qz.com/feed
2024-10-10 14:22:37,403 - INFO - Successfully processed 0 articles from  http://qz.com/feed
2024-10-10 14:22:37,404 - INFO - Fetching feed:  http://feeds.foxnews.com/foxnews/politics
2024-10-10 14:22:38,381 - INFO - Successfully processed 0 articles from  http://feeds.foxnews.com/foxnews/politics
2024-10-10 14:22:38,382 - INFO - Fetching feed:  http://feeds.reuters.com/reuters/businessNews
2024-10-10 14:22:38,445 - ERROR - Error fetching or processing articles from  http://feeds.reuters.com/reuters/businessNews: Feed parsing failed
2024-10-10 14:22:38,447 - INFO - Fetching feed:  http://feeds.feedburner.com/NewshourWorld
2024-10-10 14:22:39,730 - INFO - Successfully processed 0 articles from  http://feeds.feedburner.com/NewshourWorld
2024-10-10 14:22:39,731 - INFO - Fetching feed:  https://feeds.bbci.co.uk/news/world/asia/india/rss.xml
2024-10-10 14:22:40,593 - INFO - Successfully processed 0 articles from  https://feeds.bbci.co.uk/news/world/asia/india/rss.xml
2024-10-10 14:36:29,923 - INFO - Database connected successfully.
2024-10-10 14:39:50,237 - INFO - Database connected successfully.
2024-10-10 14:39:50,403 - INFO - Database connected successfully.
2024-10-10 14:39:50,408 - INFO - Fetching feed:  http://rss.cnn.com/rss/cnn_topstories.rss
2024-10-10 14:39:52,535 - INFO - Successfully processed 0 articles from  http://rss.cnn.com/rss/cnn_topstories.rss
2024-10-10 14:39:52,536 - INFO - Fetching feed:  http://qz.com/feed
2024-10-10 14:39:55,577 - INFO - Successfully processed 4 articles from  http://qz.com/feed
2024-10-10 14:39:55,580 - INFO - Fetching feed:  http://feeds.foxnews.com/foxnews/politics
2024-10-10 14:39:57,476 - INFO - Successfully processed 0 articles from  http://feeds.foxnews.com/foxnews/politics
2024-10-10 14:39:57,478 - INFO - Fetching feed:  http://feeds.reuters.com/reuters/businessNews
2024-10-10 14:39:58,580 - ERROR - Error fetching or processing articles from  http://feeds.reuters.com/reuters/businessNews: Feed parsing failed
2024-10-10 14:39:58,583 - INFO - Fetching feed:  http://feeds.feedburner.com/NewshourWorld
2024-10-10 14:40:00,140 - INFO - Successfully processed 0 articles from  http://feeds.feedburner.com/NewshourWorld
2024-10-10 14:40:00,142 - INFO - Fetching feed:  https://feeds.bbci.co.uk/news/world/asia/india/rss.xml
2024-10-10 14:40:02,021 - INFO - Successfully processed 1 articles from  https://feeds.bbci.co.uk/news/world/asia/india/rss.xml
2024-10-10 14:41:55,016 - INFO - Database connected successfully.
2024-10-10 14:42:12,129 - INFO - Database connected successfully.
2024-10-10 14:42:12,258 - INFO - Database connected successfully.
2024-10-10 14:42:12,262 - INFO - Fetching feed:  http://rss.cnn.com/rss/cnn_topstories.rss
2024-10-10 14:42:15,682 - INFO - Successfully processed 69 articles from  http://rss.cnn.com/rss/cnn_topstories.rss
2024-10-10 14:42:15,685 - INFO - Fetching feed:  http://qz.com/feed
2024-10-10 14:42:21,030 - INFO - Successfully processed 50 articles from  http://qz.com/feed
2024-10-10 14:42:21,032 - INFO - Fetching feed:  http://feeds.foxnews.com/foxnews/politics
2024-10-10 14:42:24,550 - INFO - Successfully processed 25 articles from  http://feeds.foxnews.com/foxnews/politics
2024-10-10 14:42:24,552 - INFO - Fetching feed:  http://feeds.reuters.com/reuters/businessNews
2024-10-10 14:42:24,618 - ERROR - Error fetching or processing articles from  http://feeds.reuters.com/reuters/businessNews: Feed parsing failed
2024-10-10 14:42:24,620 - INFO - Fetching feed:  http://feeds.feedburner.com/NewshourWorld
2024-10-10 14:42:26,665 - INFO - Successfully processed 15 articles from  http://feeds.feedburner.com/NewshourWorld
2024-10-10 14:42:26,667 - INFO - Fetching feed:  https://feeds.bbci.co.uk/news/world/asia/india/rss.xml
2024-10-10 14:42:28,522 - INFO - Successfully processed 35 articles from  https://feeds.bbci.co.uk/news/world/asia/india/rss.xml
2024-10-10 14:44:06,323 - INFO - Database connected successfully.
